C:\Users\Camilo\source\repos\SmartU2\SmartU2\Frontend\SmartU\dist\out-tsc\src\app\app.component.js
C:\Users\Camilo\source\repos\SmartU2\SmartU2\Frontend\SmartU\dist\out-tsc\src\app\app.component.js.map
C:\Users\Camilo\source\repos\SmartU2\SmartU2\Frontend\SmartU\dist\out-tsc\src\app\home\home.component.js
C:\Users\Camilo\source\repos\SmartU2\SmartU2\Frontend\SmartU\dist\out-tsc\src\app\home\home.component.js.map
C:\Users\Camilo\source\repos\SmartU2\SmartU2\Frontend\SmartU\dist\out-tsc\src\app\app.module.js
C:\Users\Camilo\source\repos\SmartU2\SmartU2\Frontend\SmartU\dist\out-tsc\src\app\app.module.js.map
C:\Users\Camilo\source\repos\SmartU2\SmartU2\Frontend\SmartU\dist\out-tsc\src\environments\environment.js
C:\Users\Camilo\source\repos\SmartU2\SmartU2\Frontend\SmartU\dist\out-tsc\src\environments\environment.js.map
C:\Users\Camilo\source\repos\SmartU2\SmartU2\Frontend\SmartU\dist\out-tsc\src\main.js
C:\Users\Camilo\source\repos\SmartU2\SmartU2\Frontend\SmartU\dist\out-tsc\src\main.js.map
C:\Users\Camilo\source\repos\SmartU2\SmartU2\Frontend\SmartU\dist\out-tsc\src\polyfills.js
C:\Users\Camilo\source\repos\SmartU2\SmartU2\Frontend\SmartU\dist\out-tsc\src\polyfills.js.map
C:\Users\Camilo\source\repos\SmartU2\SmartU2\Frontend\SmartU\dist\out-tsc\src\test.js
C:\Users\Camilo\source\repos\SmartU2\SmartU2\Frontend\SmartU\dist\out-tsc\src\test.js.map
C:\Users\Camilo\source\repos\SmartU2\SmartU2\Frontend\SmartU\dist\out-tsc\e2e\src\app.po.js
C:\Users\Camilo\source\repos\SmartU2\SmartU2\Frontend\SmartU\dist\out-tsc\e2e\src\app.po.js.map
C:\Users\Camilo\source\repos\SmartU2\SmartU2\Frontend\SmartU\dist\out-tsc\e2e\src\app.e2e-spec.js
C:\Users\Camilo\source\repos\SmartU2\SmartU2\Frontend\SmartU\dist\out-tsc\e2e\src\app.e2e-spec.js.map
C:\Users\Camilo\source\repos\SmartU2\SmartU2\Frontend\SmartU\dist\out-tsc\src\app\app.component.spec.js
C:\Users\Camilo\source\repos\SmartU2\SmartU2\Frontend\SmartU\dist\out-tsc\src\app\app.component.spec.js.map
C:\Users\Camilo\source\repos\SmartU2\SmartU2\Frontend\SmartU\dist\out-tsc\src\environments\environment.prod.js
C:\Users\Camilo\source\repos\SmartU2\SmartU2\Frontend\SmartU\dist\out-tsc\src\environments\environment.prod.js.map
C:\Users\Camilo\source\repos\SmartU2\SmartU2\Frontend\SmartU\dist\out-tsc\src\app\home\home.component.spec.js
C:\Users\Camilo\source\repos\SmartU2\SmartU2\Frontend\SmartU\dist\out-tsc\src\app\home\home.component.spec.js.map
